This file contains any messages produced by compilers while
running configure, to aid debugging if configure makes a mistake.

It was created by libnl configure 3.2.25, which was
generated by GNU Autoconf 2.69.  Invocation command line was

  $ ./configure 

## --------- ##
## Platform. ##
## --------- ##

hostname = fes-a120d19nas
uname -m = padre
uname -r = 2.6.17.14ReadyNAS
uname -s = Linux
uname -v = #1 Wed Jun 20 20:08:20 PDT 2012

/usr/bin/uname -p = unknown
/bin/uname -X     = unknown

/bin/arch              = unknown
/usr/bin/arch -k       = unknown
/usr/convex/getsysinfo = unknown
/usr/bin/hostinfo      = unknown
/bin/machine           = unknown
/usr/bin/oslevel       = unknown
/bin/universe          = unknown

PATH: /usr/local/sbin
PATH: /usr/local/bin
PATH: /usr/sbin
PATH: /usr/bin
PATH: /sbin
PATH: /bin
PATH: /usr/bin/X11


## ----------- ##
## Core tests. ##
## ----------- ##

configure:2206: checking for a BSD-compatible install
configure:2274: result: /usr/bin/install -c
configure:2285: checking whether build environment is sane
configure:2340: result: yes
configure:2491: checking for a thread-safe mkdir -p
configure:2530: result: /bin/mkdir -p
configure:2537: checking for gawk
configure:2567: result: no
configure:2537: checking for mawk
configure:2553: found /usr/bin/mawk
configure:2564: result: mawk
configure:2575: checking whether make sets $(MAKE)
configure:2597: result: yes
configure:2626: checking whether make supports nested variables
configure:2643: result: yes
configure:2738: checking whether make supports nested variables
configure:2755: result: yes
configure:2778: checking for style of include used by make
configure:2806: result: GNU
configure:2877: checking for gcc
configure:2893: found /usr/bin/gcc
configure:2904: result: gcc
configure:3133: checking for C compiler version
configure:3142: gcc --version >&5
gcc (GCC) 4.6.0
Copyright (C) 2011 Free Software Foundation, Inc.
This is free software; see the source for copying conditions.  There is NO
warranty; not even for MERCHANTABILITY or FITNESS FOR A PARTICULAR PURPOSE.

configure:3153: $? = 0
configure:3142: gcc -v >&5
Using built-in specs.
COLLECT_GCC=gcc
COLLECT_LTO_WRAPPER=/c/opt/gcc-4.6.0/bin/../libexec/gcc/sparc-unknown-linux-gnu/4.6.0/lto-wrapper
Target: sparc-unknown-linux-gnu
Configured with: ../gcc-4.6.0/configure --prefix=/opt/gcc-4.6.0 --disable-doc --enable-languages=c,c++ --with-cpu=v7 CFLAGS=-Wl,--rpath=/usr/local/lib CXXFLAGS=-Wl,--rpath=/usr/local/lib CC=/opt/gcc-4.0.4/bin/gcc CXX=/opt/gcc-4.0.4/bin/g++
Thread model: posix
gcc version 4.6.0 (GCC) 
configure:3153: $? = 0
configure:3142: gcc -V >&5
gcc: error: unrecognized option '-V'
gcc: fatal error: no input files
compilation terminated.
configure:3153: $? = 1
configure:3142: gcc -qversion >&5
gcc: error: unrecognized option '-qversion'
gcc: fatal error: no input files
compilation terminated.
configure:3153: $? = 1
configure:3173: checking whether the C compiler works
configure:3195: gcc    conftest.c  >&5
configure:3199: $? = 0
configure:3247: result: yes
configure:3250: checking for C compiler default output file name
configure:3252: result: a.out
configure:3258: checking for suffix of executables
configure:3265: gcc -o conftest    conftest.c  >&5
configure:3269: $? = 0
configure:3291: result: 
configure:3313: checking whether we are cross compiling
configure:3321: gcc -o conftest    conftest.c  >&5
configure:3325: $? = 0
configure:3332: ./conftest
configure:3336: $? = 0
configure:3351: result: no
configure:3356: checking for suffix of object files
configure:3378: gcc -c   conftest.c >&5
configure:3382: $? = 0
configure:3403: result: o
configure:3407: checking whether we are using the GNU C compiler
configure:3426: gcc -c   conftest.c >&5
configure:3426: $? = 0
configure:3435: result: yes
configure:3444: checking whether gcc accepts -g
configure:3464: gcc -c -g  conftest.c >&5
configure:3464: $? = 0
configure:3505: result: yes
configure:3522: checking for gcc option to accept ISO C89
configure:3585: gcc  -c -g -O2  conftest.c >&5
configure:3585: $? = 0
configure:3598: result: none needed
configure:3620: checking dependency style of gcc
configure:3731: result: gcc3
configure:3796: checking for ar
configure:3812: found /usr/local/bin/ar
configure:3823: result: ar
configure:3849: checking the archiver (ar) interface
configure:3859: gcc -c -g -O2  conftest.c >&5
configure:3859: $? = 0
configure:3861: ar cru libconftest.a conftest.o >&5
configure:3864: $? = 0
configure:3887: result: ar
configure:3974: checking for gcc
configure:4001: result: gcc
configure:4230: checking for C compiler version
configure:4239: gcc --version >&5
gcc (GCC) 4.6.0
Copyright (C) 2011 Free Software Foundation, Inc.
This is free software; see the source for copying conditions.  There is NO
warranty; not even for MERCHANTABILITY or FITNESS FOR A PARTICULAR PURPOSE.

configure:4250: $? = 0
configure:4239: gcc -v >&5
Using built-in specs.
COLLECT_GCC=gcc
COLLECT_LTO_WRAPPER=/c/opt/gcc-4.6.0/bin/../libexec/gcc/sparc-unknown-linux-gnu/4.6.0/lto-wrapper
Target: sparc-unknown-linux-gnu
Configured with: ../gcc-4.6.0/configure --prefix=/opt/gcc-4.6.0 --disable-doc --enable-languages=c,c++ --with-cpu=v7 CFLAGS=-Wl,--rpath=/usr/local/lib CXXFLAGS=-Wl,--rpath=/usr/local/lib CC=/opt/gcc-4.0.4/bin/gcc CXX=/opt/gcc-4.0.4/bin/g++
Thread model: posix
gcc version 4.6.0 (GCC) 
configure:4250: $? = 0
configure:4239: gcc -V >&5
gcc: error: unrecognized option '-V'
gcc: fatal error: no input files
compilation terminated.
configure:4250: $? = 1
configure:4239: gcc -qversion >&5
gcc: error: unrecognized option '-qversion'
gcc: fatal error: no input files
compilation terminated.
configure:4250: $? = 1
configure:4254: checking whether we are using the GNU C compiler
configure:4282: result: yes
configure:4291: checking whether gcc accepts -g
configure:4352: result: yes
configure:4369: checking for gcc option to accept ISO C89
configure:4445: result: none needed
configure:4467: checking dependency style of gcc
configure:4578: result: gcc3
configure:4594: checking whether gcc and cc understand -c and -o together
configure:4625: gcc -c conftest.c -o conftest2.o >&5
configure:4629: $? = 0
configure:4635: gcc -c conftest.c -o conftest2.o >&5
configure:4639: $? = 0
configure:4650: cc -c conftest.c >&5
./configure: line 1: cc: command not found
configure:4654: $? = 127
configure:4694: result: yes
configure:4749: checking build system type
configure:4763: result: sparc-unknown-linux-gnu
configure:4783: checking host system type
configure:4796: result: sparc-unknown-linux-gnu
configure:4837: checking how to print strings
configure:4864: result: printf
configure:4885: checking for a sed that does not truncate output
configure:4949: result: /bin/sed
configure:4967: checking for grep that handles long lines and -e
configure:5025: result: /bin/grep
configure:5030: checking for egrep
configure:5092: result: /bin/grep -E
configure:5097: checking for fgrep
configure:5159: result: /bin/grep -F
configure:5194: checking for ld used by gcc
configure:5261: result: /usr/local/bin/ld
configure:5268: checking if the linker (/usr/local/bin/ld) is GNU ld
configure:5283: result: yes
configure:5295: checking for BSD- or MS-compatible name lister (nm)
configure:5344: result: /usr/local/bin/nm -B
configure:5474: checking the name lister (/usr/local/bin/nm -B) interface
configure:5481: gcc -c -g -O2  conftest.c >&5
configure:5484: /usr/local/bin/nm -B "conftest.o"
configure:5487: output
00000000 B some_variable
configure:5494: result: BSD nm
configure:5497: checking whether ln -s works
configure:5501: result: yes
configure:5509: checking the maximum length of command line arguments
configure:5639: result: 131072
configure:5656: checking whether the shell understands some XSI constructs
configure:5666: result: yes
configure:5670: checking whether the shell understands "+="
configure:5676: result: no
configure:5711: checking how to convert sparc-unknown-linux-gnu file names to sparc-unknown-linux-gnu format
configure:5751: result: func_convert_file_noop
configure:5758: checking how to convert sparc-unknown-linux-gnu file names to toolchain format
configure:5778: result: func_convert_file_noop
configure:5785: checking for /usr/local/bin/ld option to reload object files
configure:5792: result: -r
configure:5866: checking for objdump
configure:5882: found /usr/local/bin/objdump
configure:5893: result: objdump
configure:5925: checking how to recognize dependent libraries
configure:6127: result: pass_all
configure:6212: checking for dlltool
configure:6242: result: no
configure:6272: checking how to associate runtime and link libraries
configure:6299: result: printf %s\n
configure:6423: checking for archiver @FILE support
configure:6440: gcc -c -g -O2  conftest.c >&5
configure:6440: $? = 0
configure:6443: ar cru libconftest.a @conftest.lst >&5
configure:6446: $? = 0
configure:6451: ar cru libconftest.a @conftest.lst >&5
ar: conftest.o: No such file or directory
configure:6454: $? = 1
configure:6466: result: @
configure:6524: checking for strip
configure:6540: found /usr/local/bin/strip
configure:6551: result: strip
configure:6623: checking for ranlib
configure:6639: found /usr/local/bin/ranlib
configure:6650: result: ranlib
configure:6752: checking command to parse /usr/local/bin/nm -B output from gcc object
configure:6872: gcc -c -g -O2  conftest.c >&5
configure:6875: $? = 0
configure:6879: /usr/local/bin/nm -B conftest.o \| sed -n -e 's/^.*[ ]\([ABCDGIRSTW][ABCDGIRSTW]*\)[ ][ ]*\([_A-Za-z][_A-Za-z0-9]*\)$/\1 \2 \2/p' | sed '/ __gnu_lto/d' \> conftest.nm
configure:6882: $? = 0
configure:6948: gcc -o conftest -g -O2   conftest.c conftstm.o >&5
configure:6951: $? = 0
configure:6989: result: ok
configure:7026: checking for sysroot
configure:7056: result: no
configure:7133: gcc -c -g -O2  conftest.c >&5
configure:7136: $? = 0
configure:7318: checking for mt
configure:7348: result: no
configure:7368: checking if : is a manifest tool
configure:7374: : '-?'
configure:7382: result: no
configure:8024: checking how to run the C preprocessor
configure:8055: gcc -E  conftest.c
configure:8055: $? = 0
configure:8069: gcc -E  conftest.c
conftest.c:11:28: fatal error: ac_nonexistent.h: No such file or directory
compilation terminated.
configure:8069: $? = 1
configure: failed program was:
| /* confdefs.h */
| #define PACKAGE_NAME "libnl"
| #define PACKAGE_TARNAME "libnl"
| #define PACKAGE_VERSION "3.2.25"
| #define PACKAGE_STRING "libnl 3.2.25"
| #define PACKAGE_BUGREPORT ""
| #define PACKAGE_URL "http://www.infradead.org/~tgr/libnl/"
| #define PACKAGE "libnl"
| #define VERSION "3.2.25"
| /* end confdefs.h.  */
| #include <ac_nonexistent.h>
configure:8094: result: gcc -E
configure:8114: gcc -E  conftest.c
configure:8114: $? = 0
configure:8128: gcc -E  conftest.c
conftest.c:11:28: fatal error: ac_nonexistent.h: No such file or directory
compilation terminated.
configure:8128: $? = 1
configure: failed program was:
| /* confdefs.h */
| #define PACKAGE_NAME "libnl"
| #define PACKAGE_TARNAME "libnl"
| #define PACKAGE_VERSION "3.2.25"
| #define PACKAGE_STRING "libnl 3.2.25"
| #define PACKAGE_BUGREPORT ""
| #define PACKAGE_URL "http://www.infradead.org/~tgr/libnl/"
| #define PACKAGE "libnl"
| #define VERSION "3.2.25"
| /* end confdefs.h.  */
| #include <ac_nonexistent.h>
configure:8157: checking for ANSI C header files
configure:8177: gcc -c -g -O2  conftest.c >&5
configure:8177: $? = 0
configure:8247: gcc -o conftest -g -O2   conftest.c  >&5
configure:8247: $? = 0
configure:8247: ./conftest
configure:8247: $? = 0
configure:8258: result: yes
configure:8271: checking for sys/types.h
configure:8271: gcc -c -g -O2  conftest.c >&5
configure:8271: $? = 0
configure:8271: result: yes
configure:8271: checking for sys/stat.h
configure:8271: gcc -c -g -O2  conftest.c >&5
configure:8271: $? = 0
configure:8271: result: yes
configure:8271: checking for stdlib.h
configure:8271: gcc -c -g -O2  conftest.c >&5
configure:8271: $? = 0
configure:8271: result: yes
configure:8271: checking for string.h
configure:8271: gcc -c -g -O2  conftest.c >&5
configure:8271: $? = 0
configure:8271: result: yes
configure:8271: checking for memory.h
configure:8271: gcc -c -g -O2  conftest.c >&5
configure:8271: $? = 0
configure:8271: result: yes
configure:8271: checking for strings.h
configure:8271: gcc -c -g -O2  conftest.c >&5
configure:8271: $? = 0
configure:8271: result: yes
configure:8271: checking for inttypes.h
configure:8271: gcc -c -g -O2  conftest.c >&5
configure:8271: $? = 0
configure:8271: result: yes
configure:8271: checking for stdint.h
configure:8271: gcc -c -g -O2  conftest.c >&5
configure:8271: $? = 0
configure:8271: result: yes
configure:8271: checking for unistd.h
configure:8271: gcc -c -g -O2  conftest.c >&5
configure:8271: $? = 0
configure:8271: result: yes
configure:8285: checking for dlfcn.h
configure:8285: gcc -c -g -O2  conftest.c >&5
configure:8285: $? = 0
configure:8285: result: yes
configure:8491: checking for objdir
configure:8506: result: .libs
configure:8777: checking if gcc supports -fno-rtti -fno-exceptions
configure:8795: gcc -c -g -O2  -fno-rtti -fno-exceptions conftest.c >&5
cc1: warning: command line option '-fno-rtti' is valid for C++/ObjC++ but not for C [enabled by default]
configure:8799: $? = 0
configure:8812: result: no
configure:9139: checking for gcc option to produce PIC
configure:9146: result: -fPIC -DPIC
configure:9154: checking if gcc PIC flag -fPIC -DPIC works
configure:9172: gcc -c -g -O2  -fPIC -DPIC -DPIC conftest.c >&5
configure:9176: $? = 0
configure:9189: result: yes
configure:9218: checking if gcc static flag -static works
/usr/local/bin/ld: warning: section `.bss' type changed to PROGBITS
configure:9246: result: no
configure:9261: checking if gcc supports -c -o file.o
configure:9282: gcc -c -g -O2  -o out/conftest2.o conftest.c >&5
configure:9286: $? = 0
configure:9308: result: yes
configure:9316: checking if gcc supports -c -o file.o
configure:9363: result: yes
configure:9396: checking whether the gcc linker (/usr/local/bin/ld) supports shared libraries
configure:10549: result: yes
configure:10586: checking whether -lc should be explicitly linked in
configure:10594: gcc -c -g -O2  conftest.c >&5
configure:10597: $? = 0
configure:10612: gcc -shared  -fPIC -DPIC conftest.o  -v -Wl,-soname -Wl,conftest -o conftest 2\>\&1 \| /bin/grep  -lc  \>/dev/null 2\>\&1
configure:10615: $? = 0
configure:10629: result: no
configure:10789: checking dynamic linker characteristics
configure:11300: gcc -o conftest -g -O2   -Wl,-rpath -Wl,/foo conftest.c  >&5
configure:11300: $? = 0
configure:11526: result: GNU/Linux ld.so
configure:11633: checking how to hardcode library paths into programs
configure:11658: result: immediate
configure:12198: checking whether stripping libraries is possible
configure:12203: result: yes
configure:12238: checking if libtool supports shared libraries
configure:12240: result: yes
configure:12243: checking whether to build shared libraries
configure:12264: result: yes
configure:12267: checking whether to build static libraries
configure:12271: result: yes
configure:12313: checking for flex
configure:12329: found /usr/local/bin/flex
configure:12340: result: flex
configure:12355: checking for bison
configure:12371: found /usr/local/bin/bison
configure:12382: result: bison -y
configure:12394: checking for an ANSI C-conforming const
configure:12460: gcc -c -g -O2  conftest.c >&5
configure:12460: $? = 0
configure:12467: result: yes
configure:12475: checking for inline
configure:12491: gcc -c -g -O2  conftest.c >&5
configure:12491: $? = 0
configure:12499: result: inline
configure:12572: checking for pkg-config
configure:12590: found /usr/local/bin/pkg-config
configure:12602: result: /usr/local/bin/pkg-config
configure:12627: checking pkg-config is at least version 0.9.0
configure:12630: result: yes
configure:12640: checking for CHECK
configure:12647: $PKG_CONFIG --exists --print-errors "check >= 0.9.0"
Package check was not found in the pkg-config search path.
Perhaps you should add the directory containing `check.pc'
to the PKG_CONFIG_PATH environment variable
No package 'check' found
configure:12650: $? = 1
configure:12664: $PKG_CONFIG --exists --print-errors "check >= 0.9.0"
Package check was not found in the pkg-config search path.
Perhaps you should add the directory containing `check.pc'
to the PKG_CONFIG_PATH environment variable
No package 'check' found
configure:12667: $? = 1
configure:12681: result: no
No package 'check' found
configure:12697: WARNING: *** Disabling building of unit tests
configure:12781: checking for pow in -lm
configure:12806: gcc -o conftest -g -O2   conftest.c -lm   >&5
conftest.c:30:6: warning: conflicting types for built-in function 'pow' [enabled by default]
configure:12806: $? = 0
configure:12815: result: yes
configure:12834: checking for pthread_mutex_lock in -lpthread
configure:12859: gcc -o conftest -g -O2   conftest.c -lpthread  -lm  >&5
configure:12859: $? = 0
configure:12868: result: yes
configure:13021: checking that generated files are newer than configure
configure:13027: result: done
configure:13070: creating ./config.status

## ---------------------- ##
## Running config.status. ##
## ---------------------- ##

This file was extended by libnl config.status 3.2.25, which was
generated by GNU Autoconf 2.69.  Invocation command line was

  CONFIG_FILES    = 
  CONFIG_HEADERS  = 
  CONFIG_LINKS    = 
  CONFIG_COMMANDS = 
  $ ./config.status 

on fes-a120d19nas

config.status:1129: creating Makefile
config.status:1129: creating libnl.sym
config.status:1129: creating libnl-3.0.pc
config.status:1129: creating libnl-route-3.0.pc
config.status:1129: creating libnl-genl-3.0.pc
config.status:1129: creating libnl-nf-3.0.pc
config.status:1129: creating libnl-cli-3.0.pc
config.status:1129: creating lib/Makefile
config.status:1129: creating include/Makefile
config.status:1129: creating src/Makefile
config.status:1129: creating src/lib/Makefile
config.status:1129: creating tests/Makefile
config.status:1129: creating man/Makefile
config.status:1129: creating python/Makefile
config.status:1129: creating python/setup.py
config.status:1129: creating python/doc/Makefile
config.status:1129: creating python/examples/Makefile
config.status:1129: creating python/netlink/Makefile
config.status:1129: creating python/netlink/genl/Makefile
config.status:1129: creating python/netlink/route/Makefile
config.status:1129: creating python/tests/Makefile
config.status:1129: creating include/netlink/version.h
config.status:1129: creating lib/defs.h
config.status:1358: executing depfiles commands
config.status:1358: executing libtool commands

## ---------------- ##
## Cache variables. ##
## ---------------- ##

ac_cv_build=sparc-unknown-linux-gnu
ac_cv_c_compiler_gnu=yes
ac_cv_c_const=yes
ac_cv_c_inline=inline
ac_cv_env_CC_set=
ac_cv_env_CC_value=
ac_cv_env_CFLAGS_set=
ac_cv_env_CFLAGS_value=
ac_cv_env_CHECK_CFLAGS_set=
ac_cv_env_CHECK_CFLAGS_value=
ac_cv_env_CHECK_LIBS_set=
ac_cv_env_CHECK_LIBS_value=
ac_cv_env_CPPFLAGS_set=
ac_cv_env_CPPFLAGS_value=
ac_cv_env_CPP_set=
ac_cv_env_CPP_value=
ac_cv_env_LDFLAGS_set=
ac_cv_env_LDFLAGS_value=
ac_cv_env_LIBS_set=
ac_cv_env_LIBS_value=
ac_cv_env_PKG_CONFIG_LIBDIR_set=
ac_cv_env_PKG_CONFIG_LIBDIR_value=
ac_cv_env_PKG_CONFIG_PATH_set=
ac_cv_env_PKG_CONFIG_PATH_value=
ac_cv_env_PKG_CONFIG_set=
ac_cv_env_PKG_CONFIG_value=
ac_cv_env_build_alias_set=
ac_cv_env_build_alias_value=
ac_cv_env_host_alias_set=
ac_cv_env_host_alias_value=
ac_cv_env_target_alias_set=
ac_cv_env_target_alias_value=
ac_cv_header_dlfcn_h=yes
ac_cv_header_inttypes_h=yes
ac_cv_header_memory_h=yes
ac_cv_header_stdc=yes
ac_cv_header_stdint_h=yes
ac_cv_header_stdlib_h=yes
ac_cv_header_string_h=yes
ac_cv_header_strings_h=yes
ac_cv_header_sys_stat_h=yes
ac_cv_header_sys_types_h=yes
ac_cv_header_unistd_h=yes
ac_cv_host=sparc-unknown-linux-gnu
ac_cv_lib_m_pow=yes
ac_cv_lib_pthread_pthread_mutex_lock=yes
ac_cv_objext=o
ac_cv_path_EGREP='/bin/grep -E'
ac_cv_path_FGREP='/bin/grep -F'
ac_cv_path_GREP=/bin/grep
ac_cv_path_SED=/bin/sed
ac_cv_path_ac_pt_PKG_CONFIG=/usr/local/bin/pkg-config
ac_cv_path_install='/usr/bin/install -c'
ac_cv_path_mkdir=/bin/mkdir
ac_cv_prog_AWK=mawk
ac_cv_prog_CPP='gcc -E'
ac_cv_prog_FLEX=flex
ac_cv_prog_YACC='bison -y'
ac_cv_prog_ac_ct_AR=ar
ac_cv_prog_ac_ct_CC=gcc
ac_cv_prog_ac_ct_OBJDUMP=objdump
ac_cv_prog_ac_ct_RANLIB=ranlib
ac_cv_prog_ac_ct_STRIP=strip
ac_cv_prog_cc_c89=
ac_cv_prog_cc_g=yes
ac_cv_prog_cc_gcc_c_o=yes
ac_cv_prog_make_make_set=yes
am_cv_CC_dependencies_compiler_type=gcc3
am_cv_ar_interface=ar
am_cv_make_support_nested_variables=yes
lt_cv_ar_at_file=@
lt_cv_archive_cmds_need_lc=no
lt_cv_deplibs_check_method=pass_all
lt_cv_file_magic_cmd='$MAGIC_CMD'
lt_cv_file_magic_test_file=
lt_cv_ld_reload_flag=-r
lt_cv_nm_interface='BSD nm'
lt_cv_objdir=.libs
lt_cv_path_LD=/usr/local/bin/ld
lt_cv_path_NM='/usr/local/bin/nm -B'
lt_cv_path_mainfest_tool=no
lt_cv_prog_compiler_c_o=yes
lt_cv_prog_compiler_pic='-fPIC -DPIC'
lt_cv_prog_compiler_pic_works=yes
lt_cv_prog_compiler_rtti_exceptions=no
lt_cv_prog_compiler_static_works=no
lt_cv_prog_gnu_ld=yes
lt_cv_sharedlib_from_linklib_cmd='printf %s\n'
lt_cv_shlibpath_overrides_runpath=no
lt_cv_sys_global_symbol_pipe='sed -n -e '\''s/^.*[	 ]\([ABCDGIRSTW][ABCDGIRSTW]*\)[	 ][	 ]*\([_A-Za-z][_A-Za-z0-9]*\)$/\1 \2 \2/p'\'' | sed '\''/ __gnu_lto/d'\'''
lt_cv_sys_global_symbol_to_c_name_address='sed -n -e '\''s/^: \([^ ]*\)[ ]*$/  {\"\1\", (void *) 0},/p'\'' -e '\''s/^[ABCDGIRSTW]* \([^ ]*\) \([^ ]*\)$/  {"\2", (void *) \&\2},/p'\'''
lt_cv_sys_global_symbol_to_c_name_address_lib_prefix='sed -n -e '\''s/^: \([^ ]*\)[ ]*$/  {\"\1\", (void *) 0},/p'\'' -e '\''s/^[ABCDGIRSTW]* \([^ ]*\) \(lib[^ ]*\)$/  {"\2", (void *) \&\2},/p'\'' -e '\''s/^[ABCDGIRSTW]* \([^ ]*\) \([^ ]*\)$/  {"lib\2", (void *) \&\2},/p'\'''
lt_cv_sys_global_symbol_to_cdecl='sed -n -e '\''s/^T .* \(.*\)$/extern int \1();/p'\'' -e '\''s/^[ABCDGIRSTW]* .* \(.*\)$/extern char \1;/p'\'''
lt_cv_sys_max_cmd_len=131072
lt_cv_to_host_file_cmd=func_convert_file_noop
lt_cv_to_tool_file_cmd=func_convert_file_noop

## ----------------- ##
## Output variables. ##
## ----------------- ##

ACLOCAL='${SHELL} /nas-source/libnl-3.2.25/build-aux/missing aclocal-1.13'
AMDEPBACKSLASH='\'
AMDEP_FALSE='#'
AMDEP_TRUE=''
AMTAR='$${TAR-tar}'
AM_BACKSLASH='\'
AM_DEFAULT_V='$(AM_DEFAULT_VERBOSITY)'
AM_DEFAULT_VERBOSITY='0'
AM_V='$(V)'
AR='ar'
AUTOCONF='${SHELL} /nas-source/libnl-3.2.25/build-aux/missing autoconf'
AUTOHEADER='${SHELL} /nas-source/libnl-3.2.25/build-aux/missing autoheader'
AUTOMAKE='${SHELL} /nas-source/libnl-3.2.25/build-aux/missing automake-1.13'
AWK='mawk'
CC='gcc'
CCDEPMODE='depmode=gcc3'
CFLAGS='-g -O2'
CHECK_CFLAGS=''
CHECK_LIBS=''
CPP='gcc -E'
CPPFLAGS=''
CYGPATH_W='echo'
DEFS='-DHAVE_CONFIG_H'
DEPDIR='.deps'
DISABLE_PTHREADS_FALSE=''
DISABLE_PTHREADS_TRUE='#'
DLLTOOL='false'
DSYMUTIL=''
DUMPBIN=''
ECHO_C=''
ECHO_N='-n'
ECHO_T=''
EGREP='/bin/grep -E'
ENABLE_CLI_FALSE='#'
ENABLE_CLI_TRUE=''
ENABLE_DEBUG_FALSE=''
ENABLE_DEBUG_TRUE='#'
ENABLE_UNIT_TESTS_FALSE=''
ENABLE_UNIT_TESTS_TRUE='#'
EXEEXT=''
FGREP='/bin/grep -F'
FLEX='flex'
GREP='/bin/grep'
INSTALL_DATA='${INSTALL} -m 644'
INSTALL_PROGRAM='${INSTALL}'
INSTALL_SCRIPT='${INSTALL}'
INSTALL_STRIP_PROGRAM='$(install_sh) -c -s'
LD='/usr/local/bin/ld'
LDFLAGS=''
LIBNL_VERSION='3.2.25'
LIBOBJS=''
LIBS='-lpthread -lm '
LIBTOOL='$(SHELL) $(top_builddir)/libtool'
LIPO=''
LN_S='ln -s'
LTLIBOBJS=''
LT_AGE='20'
LT_CURRENT='220'
LT_REVISION='0'
MAJ_VERSION='3'
MAKEINFO='${SHELL} /nas-source/libnl-3.2.25/build-aux/missing makeinfo'
MANIFEST_TOOL=':'
MIC_VERSION='25'
MIN_VERSION='2'
MKDIR_P='/bin/mkdir -p'
NM='/usr/local/bin/nm -B'
NMEDIT=''
OBJDUMP='objdump'
OBJEXT='o'
OTOOL64=''
OTOOL=''
PACKAGE='libnl'
PACKAGE_BUGREPORT=''
PACKAGE_NAME='libnl'
PACKAGE_STRING='libnl 3.2.25'
PACKAGE_TARNAME='libnl'
PACKAGE_URL='http://www.infradead.org/~tgr/libnl/'
PACKAGE_VERSION='3.2.25'
PATH_SEPARATOR=':'
PKG_CONFIG='/usr/local/bin/pkg-config'
PKG_CONFIG_LIBDIR=''
PKG_CONFIG_PATH=''
RANLIB='ranlib'
SED='/bin/sed'
SET_MAKE=''
SHELL='/bin/sh'
STRIP='strip'
VERSION='3.2.25'
YACC='bison -y'
ac_ct_AR='ar'
ac_ct_CC='gcc'
ac_ct_DUMPBIN=''
am__EXEEXT_FALSE=''
am__EXEEXT_TRUE='#'
am__fastdepCC_FALSE='#'
am__fastdepCC_TRUE=''
am__include='include'
am__isrc=''
am__leading_dot='.'
am__nodep='_no'
am__quote=''
am__tar='$${TAR-tar} chof - "$$tardir"'
am__untar='$${TAR-tar} xf -'
bindir='${exec_prefix}/bin'
build='sparc-unknown-linux-gnu'
build_alias=''
build_cpu='sparc'
build_os='linux-gnu'
build_vendor='unknown'
datadir='${datarootdir}'
datarootdir='${prefix}/share'
docdir='${datarootdir}/doc/${PACKAGE_TARNAME}'
dvidir='${docdir}'
exec_prefix='${prefix}'
host='sparc-unknown-linux-gnu'
host_alias=''
host_cpu='sparc'
host_os='linux-gnu'
host_vendor='unknown'
htmldir='${docdir}'
includedir='${prefix}/include'
infodir='${datarootdir}/info'
install_sh='${SHELL} /nas-source/libnl-3.2.25/build-aux/install-sh'
libdir='${exec_prefix}/lib'
libexecdir='${exec_prefix}/libexec'
localedir='${datarootdir}/locale'
localstatedir='${prefix}/var'
mandir='${datarootdir}/man'
mkdir_p='$(MKDIR_P)'
oldincludedir='/usr/include'
pdfdir='${docdir}'
pkgconfigdir='${libdir}/pkgconfig'
prefix='/usr/local'
program_transform_name='s,x,x,'
psdir='${docdir}'
sbindir='${exec_prefix}/sbin'
sharedstatedir='${prefix}/com'
subdirs=' doc'
sysconfdir='${prefix}/etc'
target_alias=''

## ----------- ##
## confdefs.h. ##
## ----------- ##

/* confdefs.h */
#define PACKAGE_NAME "libnl"
#define PACKAGE_TARNAME "libnl"
#define PACKAGE_VERSION "3.2.25"
#define PACKAGE_STRING "libnl 3.2.25"
#define PACKAGE_BUGREPORT ""
#define PACKAGE_URL "http://www.infradead.org/~tgr/libnl/"
#define PACKAGE "libnl"
#define VERSION "3.2.25"
#define STDC_HEADERS 1
#define HAVE_SYS_TYPES_H 1
#define HAVE_SYS_STAT_H 1
#define HAVE_STDLIB_H 1
#define HAVE_STRING_H 1
#define HAVE_MEMORY_H 1
#define HAVE_STRINGS_H 1
#define HAVE_INTTYPES_H 1
#define HAVE_STDINT_H 1
#define HAVE_UNISTD_H 1
#define HAVE_DLFCN_H 1
#define LT_OBJDIR ".libs/"
#define HAVE_LIBM 1
#define HAVE_LIBPTHREAD 1
#define NL_DEBUG 1

configure: exit 0
